\BOOKMARK [0][-]{chapter*.1}{\376\377\000A\000b\000s\000t\000r\000a\000c\000t}{}% 1
\BOOKMARK [0][-]{chapter.1}{\376\377\000B\000a\000c\000k\000g\000r\000o\000u\000n\000d\000\040\000a\000n\000d\000\040\000I\000n\000t\000r\000o\000d\000u\000c\000t\000i\000o\000n}{}% 2
\BOOKMARK [1][-]{section.1.1}{\376\377\000Q\000u\000a\000n\000t\000u\000m\000\040\000C\000o\000m\000p\000u\000t\000i\000n\000g\000\040\000P\000r\000e\000l\000i\000m\000i\000n\000a\000r\000i\000e\000s}{chapter.1}% 3
\BOOKMARK [2][-]{subsection.1.1.1}{\376\377\000B\000e\000h\000i\000n\000d\000\040\000Q\000u\000a\000n\000t\000u\000m\000\040\000C\000o\000m\000p\000u\000t\000i\000n\000g}{section.1.1}% 4
\BOOKMARK [2][-]{subsection.1.1.2}{\376\377\000S\000o\000m\000e\000\040\000L\000i\000n\000e\000a\000r\000\040\000A\000l\000g\000e\000b\000r\000a}{section.1.1}% 5
\BOOKMARK [2][-]{subsection.1.1.3}{\376\377\000P\000o\000s\000t\000u\000l\000a\000t\000e\000s\000\040\000o\000f\000\040\000Q\000u\000a\000n\000t\000u\000m\000\040\000M\000e\000c\000h\000a\000n\000i\000c\000s}{section.1.1}% 6
\BOOKMARK [2][-]{subsection.1.1.4}{\376\377\000Q\000u\000a\000n\000t\000u\000m\000\040\000C\000o\000m\000p\000u\000t\000i\000n\000g}{section.1.1}% 7
\BOOKMARK [1][-]{section.1.2}{\376\377\000C\000l\000a\000s\000s\000i\000c\000a\000l\000\040\000M\000o\000d\000e\000l\000s\000\040\000i\000n\000\040\000M\000a\000c\000h\000i\000n\000e\000\040\000L\000e\000a\000r\000n\000i\000n\000g}{chapter.1}% 8
\BOOKMARK [1][-]{section.1.3}{\376\377\000Q\000u\000a\000n\000t\000u\000m\000\040\000M\000o\000d\000e\000l\000s\000\040\000i\000n\000\040\000M\000a\000c\000h\000i\000n\000e\000\040\000L\000e\000a\000r\000n\000i\000n\000g}{chapter.1}% 9
\BOOKMARK [1][-]{section.1.4}{\376\377\000M\000o\000t\000i\000v\000a\000t\000i\000o\000n\000:\000\040\000T\000h\000e\000\040\000B\000e\000n\000c\000h\000m\000a\000r\000k\000i\000n\000g\000\040\000P\000r\000o\000b\000l\000e\000m\000\040\000i\000n\000\040\000Q\000M\000L}{chapter.1}% 10
\BOOKMARK [2][-]{subsection.1.4.1}{\376\377\000T\000h\000e\000\040\000b\000e\000n\000c\000h\000m\000a\000r\000k\000i\000n\000g\000\040\000p\000r\000o\000b\000l\000e\000m\000\040\000i\000n\000\040\000q\000u\000a\000n\000t\000u\000m\000\040\000m\000a\000c\000h\000i\000n\000e\000\040\000l\000e\000a\000r\000n\000i\000n\000g}{section.1.4}% 11
\BOOKMARK [0][-]{chapter.2}{\376\377\000M\000e\000t\000h\000o\000d\000o\000l\000o\000g\000y}{}% 12
\BOOKMARK [1][-]{section.2.1}{\376\377\000D\000a\000t\000a\000s\000e\000t}{chapter.2}% 13
\BOOKMARK [1][-]{section.2.2}{\376\377\000B\000a\000s\000e\000l\000i\000n\000e\000\040\000V\000Q\000C\000\040\000M\000o\000d\000e\000l}{chapter.2}% 14
\BOOKMARK [1][-]{section.2.3}{\376\377\000D\000e\000q\000u\000a\000n\000t\000i\000s\000a\000t\000i\000o\000n\000\040\000V\000a\000r\000i\000a\000n\000t\000s}{chapter.2}% 15
\BOOKMARK [2][-]{subsection.2.3.1}{\376\377\000N\000o\000\040\000E\000n\000t\000a\000n\000g\000l\000e\000m\000e\000n\000t}{section.2.3}% 16
\BOOKMARK [2][-]{subsection.2.3.2}{\376\377\000\050\000O\000p\000t\000i\000o\000n\000a\000l\000\051\000\040\000L\000o\000w\000-\000B\000o\000n\000d\000-\000D\000i\000m\000e\000n\000s\000i\000o\000n\000\040\000M\000P\000S}{section.2.3}% 17
\BOOKMARK [1][-]{section.2.4}{\376\377\000T\000r\000a\000i\000n\000i\000n\000g\000\040\000S\000e\000t\000u\000p}{chapter.2}% 18
\BOOKMARK [1][-]{section.2.5}{\376\377\000E\000v\000a\000l\000u\000a\000t\000i\000o\000n\000\040\000M\000e\000t\000r\000i\000c\000s}{chapter.2}% 19
\BOOKMARK [0][-]{chapter.3}{\376\377\000E\000x\000p\000e\000r\000i\000m\000e\000n\000t\000s}{}% 20
\BOOKMARK [1][-]{section.3.1}{\376\377\000R\000e\000s\000e\000a\000r\000c\000h\000\040\000Q\000u\000e\000s\000t\000i\000o\000n\000s}{chapter.3}% 21
\BOOKMARK [1][-]{section.3.2}{\376\377\000B\000a\000s\000e\000l\000i\000n\000e\000\040\000P\000e\000r\000f\000o\000r\000m\000a\000n\000c\000e}{chapter.3}% 22
\BOOKMARK [1][-]{section.3.3}{\376\377\000N\000o\000-\000E\000n\000t\000a\000n\000g\000l\000e\000m\000e\000n\000t\000\040\000P\000e\000r\000f\000o\000r\000m\000a\000n\000c\000e}{chapter.3}% 23
\BOOKMARK [1][-]{section.3.4}{\376\377\000\050\000O\000p\000t\000i\000o\000n\000a\000l\000\051\000\040\000M\000P\000S\000\040\000P\000e\000r\000f\000o\000r\000m\000a\000n\000c\000e}{chapter.3}% 24
\BOOKMARK [0][-]{chapter.4}{\376\377\000R\000e\000s\000u\000l\000t\000s}{}% 25
\BOOKMARK [1][-]{section.4.1}{\376\377\000Q\000u\000a\000n\000t\000i\000t\000a\000t\000i\000v\000e\000\040\000R\000e\000s\000u\000l\000t\000s}{chapter.4}% 26
\BOOKMARK [1][-]{section.4.2}{\376\377\000Q\000u\000a\000l\000i\000t\000a\000t\000i\000v\000e\000\040\000R\000e\000s\000u\000l\000t\000s}{chapter.4}% 27
\BOOKMARK [0][-]{chapter.5}{\376\377\000D\000i\000s\000c\000u\000s\000s\000i\000o\000n}{}% 28
\BOOKMARK [0][-]{chapter.6}{\376\377\000C\000o\000n\000c\000l\000u\000s\000i\000o\000n\000\040\000a\000n\000d\000\040\000O\000u\000t\000l\000o\000o\000k}{}% 29
